2025-05-23 02:38:11,578 | INFO | [OK] Supabase config loaded: https://kenaardqwnpeqtwukdnb.s...
2025-05-23 02:38:11,578 | INFO | [START] FINAL 4,786 RECORD UPLOAD
2025-05-23 02:38:11,578 | INFO | ==================================================
2025-05-23 02:38:11,578 | INFO | [LOAD] Loading 01_All_Products_CSV.csv...
2025-05-23 02:38:11,743 | INFO | [OK] Loaded 10,286 total records
2025-05-23 02:38:11,745 | INFO | [TARGET] Selected final 4,786 records for upload
2025-05-23 02:38:11,745 | INFO | [TRANSFORM] Converting records to eBay format...
2025-05-23 02:38:12,140 | INFO | [OK] Transformed 4,786 records successfully
2025-05-23 02:38:12,144 | INFO | [BATCH] Created 479 batches of 10 records each
2025-05-23 02:38:12,601 | WARNING | [WARNING] Batch 1 failed (400), trying individual uploads...
2025-05-23 02:38:15,383 | INFO | [RETRY] Batch 1: 0 success, 10 failed in 3.24s
2025-05-23 02:38:15,770 | WARNING | [WARNING] Batch 2 failed (400), trying individual uploads...
2025-05-23 02:38:18,503 | INFO | [RETRY] Batch 2: 0 success, 10 failed in 3.02s
2025-05-23 02:38:18,877 | WARNING | [WARNING] Batch 3 failed (400), trying individual uploads...
2025-05-23 02:38:21,641 | INFO | [RETRY] Batch 3: 0 success, 10 failed in 3.04s
2025-05-23 02:38:22,047 | WARNING | [WARNING] Batch 4 failed (400), trying individual uploads...
2025-05-23 02:38:24,756 | INFO | [RETRY] Batch 4: 0 success, 10 failed in 3.01s
2025-05-23 02:38:25,110 | WARNING | [WARNING] Batch 5 failed (400), trying individual uploads...
2025-05-23 02:38:27,908 | INFO | [RETRY] Batch 5: 0 success, 10 failed in 3.05s
2025-05-23 02:38:28,282 | WARNING | [WARNING] Batch 6 failed (400), trying individual uploads...
2025-05-23 02:38:30,953 | INFO | [RETRY] Batch 6: 0 success, 10 failed in 2.94s
2025-05-23 02:38:31,318 | WARNING | [WARNING] Batch 7 failed (400), trying individual uploads...
2025-05-23 02:38:34,216 | INFO | [RETRY] Batch 7: 0 success, 10 failed in 3.16s
2025-05-23 02:38:34,593 | WARNING | [WARNING] Batch 8 failed (400), trying individual uploads...
2025-05-23 02:38:37,322 | INFO | [RETRY] Batch 8: 0 success, 10 failed in 3.00s
2025-05-23 02:38:37,696 | WARNING | [WARNING] Batch 9 failed (400), trying individual uploads...
2025-05-23 02:38:40,461 | INFO | [RETRY] Batch 9: 0 success, 10 failed in 3.04s
2025-05-23 02:38:40,809 | WARNING | [WARNING] Batch 10 failed (400), trying individual uploads...
2025-05-23 02:38:43,521 | INFO | [RETRY] Batch 10: 0 success, 10 failed in 2.96s
2025-05-23 02:38:43,918 | WARNING | [WARNING] Batch 11 failed (400), trying individual uploads...
2025-05-23 02:38:46,780 | INFO | [RETRY] Batch 11: 0 success, 10 failed in 3.16s
2025-05-23 02:38:47,150 | WARNING | [WARNING] Batch 12 failed (400), trying individual uploads...
2025-05-23 02:38:49,958 | INFO | [RETRY] Batch 12: 0 success, 10 failed in 3.08s
2025-05-23 02:38:50,334 | WARNING | [WARNING] Batch 13 failed (400), trying individual uploads...
2025-05-23 02:38:55,155 | INFO | [RETRY] Batch 13: 0 success, 10 failed in 5.10s
2025-05-23 02:38:55,522 | WARNING | [WARNING] Batch 14 failed (400), trying individual uploads...
2025-05-23 02:38:58,280 | INFO | [RETRY] Batch 14: 0 success, 10 failed in 3.02s
2025-05-23 02:38:58,674 | WARNING | [WARNING] Batch 15 failed (400), trying individual uploads...
2025-05-23 02:39:01,447 | INFO | [RETRY] Batch 15: 0 success, 10 failed in 3.06s
2025-05-23 02:39:01,844 | WARNING | [WARNING] Batch 16 failed (400), trying individual uploads...
2025-05-23 02:39:04,596 | INFO | [RETRY] Batch 16: 0 success, 10 failed in 3.05s
2025-05-23 02:39:04,983 | WARNING | [WARNING] Batch 17 failed (400), trying individual uploads...
2025-05-23 02:39:07,833 | INFO | [RETRY] Batch 17: 0 success, 10 failed in 3.14s
2025-05-23 02:39:08,232 | WARNING | [WARNING] Batch 18 failed (400), trying individual uploads...
2025-05-23 02:39:10,984 | INFO | [RETRY] Batch 18: 0 success, 10 failed in 3.05s
2025-05-23 02:39:11,347 | WARNING | [WARNING] Batch 19 failed (400), trying individual uploads...
2025-05-23 02:39:14,116 | INFO | [RETRY] Batch 19: 0 success, 10 failed in 3.03s
2025-05-23 02:39:14,495 | WARNING | [WARNING] Batch 20 failed (400), trying individual uploads...
2025-05-23 02:39:17,281 | INFO | [RETRY] Batch 20: 0 success, 10 failed in 3.06s
2025-05-23 02:39:17,648 | WARNING | [WARNING] Batch 21 failed (400), trying individual uploads...
2025-05-23 02:39:20,384 | INFO | [RETRY] Batch 21: 0 success, 10 failed in 3.00s
2025-05-23 02:39:20,760 | WARNING | [WARNING] Batch 22 failed (400), trying individual uploads...
2025-05-23 02:39:23,589 | INFO | [RETRY] Batch 22: 0 success, 10 failed in 3.10s
2025-05-23 02:39:23,980 | WARNING | [WARNING] Batch 23 failed (400), trying individual uploads...
2025-05-23 02:39:26,706 | INFO | [RETRY] Batch 23: 0 success, 10 failed in 3.01s
2025-05-23 02:39:27,073 | WARNING | [WARNING] Batch 24 failed (400), trying individual uploads...
2025-05-23 02:39:29,904 | INFO | [RETRY] Batch 24: 0 success, 10 failed in 3.10s
2025-05-23 02:39:30,261 | WARNING | [WARNING] Batch 25 failed (400), trying individual uploads...
2025-05-23 02:39:33,204 | INFO | [RETRY] Batch 25: 0 success, 10 failed in 3.20s
2025-05-23 02:39:33,597 | WARNING | [WARNING] Batch 26 failed (400), trying individual uploads...
2025-05-23 02:39:36,526 | INFO | [RETRY] Batch 26: 0 success, 10 failed in 3.22s
2025-05-23 02:39:36,906 | WARNING | [WARNING] Batch 27 failed (400), trying individual uploads...
2025-05-23 02:39:39,791 | INFO | [RETRY] Batch 27: 0 success, 10 failed in 3.16s
2025-05-23 02:39:40,171 | WARNING | [WARNING] Batch 28 failed (400), trying individual uploads...
2025-05-23 02:39:43,098 | INFO | [RETRY] Batch 28: 0 success, 10 failed in 3.21s
2025-05-23 02:39:43,494 | WARNING | [WARNING] Batch 29 failed (400), trying individual uploads...
2025-05-23 02:39:46,515 | INFO | [RETRY] Batch 29: 0 success, 10 failed in 3.32s
2025-05-23 02:39:46,896 | WARNING | [WARNING] Batch 30 failed (400), trying individual uploads...
2025-05-23 02:39:49,787 | INFO | [RETRY] Batch 30: 0 success, 10 failed in 3.17s
2025-05-23 02:39:50,161 | WARNING | [WARNING] Batch 31 failed (400), trying individual uploads...
2025-05-23 02:39:52,986 | INFO | [RETRY] Batch 31: 0 success, 10 failed in 3.10s
2025-05-23 02:39:53,356 | WARNING | [WARNING] Batch 32 failed (400), trying individual uploads...
