        [33m1[39m,
        [33mfalse[39m,
        [33mfalse[39m,
        [33m0[39m,
        [1mnull[22m,
        [1mnull[22m,
        [1mnull[22m,
        [32m'2026-03-06T18:02:43.712Z'[39m,
        [32m'2026-03-06T18:02:43.712Z'[39m,
        [32m'7f01769c-7a3c-4b74-be92-a746c27b8507'[39m,
        [32m'20202020-a01c-4003-8c03-3f7fa05d9d4c'[39m,
        [32m'ef3c7af2-201b-4a7c-a98d-b07ef4a73d3c'[39m,
        [32m'2f6a9cb6-c1e9-46ec-bffd-ac9d4b8a4dbb'[39m,
        [32m'10b3e48b-b5f9-4be0-93f3-6da2b2106ce5'[39m,
        [32m'DATE_TIME'[39m,
        [32m'updatedAt'[39m,
        [32m'Last update'[39m,
        [32m'"now"'[39m,
        [32m'Last time the record was changed'[39m,
        [32m'IconCalendarClock'[39m,
        [1mnull[22m,
        [1mnull[22m,
        [32m'{"displayFormat":"RELATIVE"}'[39m,
        [33m0[39m,
        [33m1[39m,
        [33m0[39m,
        [33m1[39m,
        [33mfalse[39m,
        [33mfalse[39m,
        [33m0[39m,
        [1mnull[22m,
        [1mnull[22m,
        [1mnull[22m,
        [32m'2026-03-06T18:02:43.712Z'[39m,
        [32m'2026-03-06T18:02:43.712Z'[39m,
        [32m'7f01769c-7a3c-4b74-be92-a746c27b8507'[39m,
        [32m'20202020-a01d-4004-9d04-4f8fb16eae5d'[39m,
        [32m'ef3c7af2-201b-4a7c-a98d-b07ef4a73d3c'[39m,
        [32m'3bf7f824-4ffe-4c49-9378-1ba80158a772'[39m,
        [32m'10b3e48b-b5f9-4be0-93f3-6da2b2106ce5'[39m,
        [32m'DATE_TIME'[39m,
        [32m'deletedAt'[39m,
        [32m'Deleted at'[39m,
        [1mnull[22m,
        [32m'Date when the record was deleted'[39m,
        [32m'IconCalendarMinus'[39m,
        [1mnull[22m,
        [1mnull[22m,
        [32m'{"displayFormat":"RELATIVE"}'[39m,
        [33m0[39m,
        [33m1[39m,
        [33m0[39m,
        [33m1[39m,
        [33mtrue[39m,
        [33mfalse[39m,
        [33m0[39m,
        [1mnull[22m,
        ... 160 more items
      ],
      driverError: error: current transaction is aborted, commands ignored until end of transaction block
          at /app/node_modules/[4mpg[24m/lib/client.js:526:17
      [90m    at process.processTicksAndRejections (node:internal/process/task_queues:103:5)[39m
          at async PostgresQueryRunner.query (/app/node_modules/[4mtypeorm[24m/driver/postgres/PostgresQueryRunner.js:184:25)
          at async InsertQueryBuilder.execute (/app/node_modules/[4mtypeorm[24m/query-builder/InsertQueryBuilder.js:106:33)
          at async CreateObjectActionHandlerService.executeForMetadata [90m(/app/packages/twenty-server/[39mdist/engine/workspace-manager/workspace-migration/workspace-migration-runner/action-handlers/object/services/create-object-action-handler.service.js:88:9[90m)[39m
          at async CreateObjectActionHandlerService.asyncMethodPerformanceMetricWrapper [90m(/app/packages/twenty-server/[39mdist/engine/workspace-manager/workspace-migration/workspace-migration-runner/interfaces/workspace-migration-runner-action-handler-service.interface.js:209:9[90m)[39m
          at async Promise.allSettled (index 0)
          at async CreateObjectActionHandlerService.execute [90m(/app/packages/twenty-server/[39mdist/engine/workspace-manager/workspace-migration/workspace-migration-runner/interfaces/workspace-migration-runner-action-handler-service.interface.js:155:57[90m)[39m
          at async WorkspaceMigrationRunnerActionHandlerRegistryService.executeActionHandler [90m(/app/packages/twenty-server/[39mdist/engine/workspace-manager/workspace-migration/workspace-migration-runner/registry/workspace-migration-runner-action-handler-registry.service.js:58:16[90m)[39m
          at async WorkspaceMigrationRunnerService.run [90m(/app/packages/twenty-server/[39mdist/engine/workspace-manager/workspace-migration/workspace-migration-runner/services/workspace-migration-runner.service.js:137:72[90m)[39m {
        length: [33m145[39m,
        severity: [32m'ERROR'[39m,
        code: [32m'25P02'[39m,
        detail: [90mundefined[39m,
        hint: [90mundefined[39m,
        position: [90mundefined[39m,
        internalPosition: [90mundefined[39m,
        internalQuery: [90mundefined[39m,
        where: [90mundefined[39m,
        schema: [90mundefined[39m,
        table: [90mundefined[39m,
        column: [90mundefined[39m,
        dataType: [90mundefined[39m,
        constraint: [90mundefined[39m,
        file: [32m'postgres.c'[39m,
        line: [32m'1498'[39m,
        routine: [32m'exec_parse_message'[39m
      },
      length: [33m145[39m,
      severity: [32m'ERROR'[39m,
      code: [32m'25P02'[39m,
      detail: [90mundefined[39m,
      hint: [90mundefined[39m,
      position: [90mundefined[39m,
      internalPosition: [90mundefined[39m,
      internalQuery: [90mundefined[39m,
      where: [90mundefined[39m,
      schema: [90mundefined[39m,
      table: [90mundefined[39m,
      column: [90mundefined[39m,
      dataType: [90mundefined[39m,
      constraint: [90mundefined[39m,
      file: [32m'postgres.c'[39m,
      line: [32m'1498'[39m,
      routine: [32m'exec_parse_message'[39m
    },
    workspaceSchema: QueryFailedError: function public.uuid_generate_v4() does not exist
        at PostgresQueryRunner.query (/app/node_modules/[4mtypeorm[24m/driver/postgres/PostgresQueryRunner.js:219:19)
    [90m    at process.processTicksAndRejections (node:internal/process/task_queues:103:5)[39m
        at async WorkspaceSchemaTableManagerService.createTable [90m(/app/packages/twenty-server/[39mdist/engine/twenty-orm/workspace-schema-manager/services/workspace-schema-table-manager.service.js:20:9[90m)[39m
        at async CreateObjectActionHandlerService.executeForWorkspaceSchema [90m(/app/packages/twenty-server/[39mdist/engine/workspace-manager/workspace-migration/workspace-migration-runner/action-handlers/object/services/create-object-action-handler.service.js:114:9[90m)[39m
        at async CreateObjectActionHandlerService.asyncMethodPerformanceMetricWrapper [90m(/app/packages/twenty-server/[39mdist/engine/workspace-manager/workspace-migration/workspace-migration-runner/interfaces/workspace-migration-runner-action-handler-service.interface.js:209:9[90m)[39m
        at async Promise.allSettled (index 1)
        at async CreateObjectActionHandlerService.execute [90m(/app/packages/twenty-server/[39mdist/engine/workspace-manager/workspace-migration/workspace-migration-runner/interfaces/workspace-migration-runner-action-handler-service.interface.js:155:57[90m)[39m
        at async WorkspaceMigrationRunnerActionHandlerRegistryService.executeActionHandler [90m(/app/packages/twenty-server/[39mdist/engine/workspace-manager/workspace-migration/workspace-migration-runner/registry/workspace-migration-runner-action-handler-registry.service.js:58:16[90m)[39m
        at async WorkspaceMigrationRunnerService.run [90m(/app/packages/twenty-server/[39mdist/engine/workspace-manager/workspace-migration/workspace-migration-runner/services/workspace-migration-runner.service.js:137:72[90m)[39m
        at async WorkspaceMigrationValidateBuildAndRunService.validateBuildAndRunWorkspaceMigrationFromTo [90m(/app/packages/twenty-server/[39mdist/engine/workspace-manager/workspace-migration/services/workspace-migration-validate-build-and-run-service.js:134:40[90m)[39m {
      query: [32m`CREATE TABLE IF NOT EXISTS "workspace_7iooll9grehedgzkksftdt98n"."attachment" ("id" uuid PRIMARY KEY NOT NULL DEFAULT public.uuid_generate_v4(), "createdAt" timestamptz NOT NULL DEFAULT now(), "updatedAt" timestamptz NOT NULL DEFAULT now(), "deletedAt" timestamptz DEFAULT NULL, "name" text DEFAULT NULL, "file" jsonb DEFAULT NULL, "fullPath" text DEFAULT NULL, "fileCategory" "workspace_7iooll9grehedgzkksftdt98n"."attachment_fileCategory_enum" NOT NULL DEFAULT 'OTHER'::"workspace_7iooll9grehedgzkksftdt98n"."attachment_fileCategory_enum", "createdBySource" "workspace_7iooll9grehedgzkksftdt98n"."attachment_createdBySource_enum" NOT NULL DEFAULT 'MANUAL'::"workspace_7iooll9grehedgzkksftdt98n"."attachment_createdBySource_enum", "createdByWorkspaceMemberId" uuid DEFAULT NULL, "createdByName" text NOT NULL DEFAULT 'System'::text, "createdByContext" jsonb DEFAULT NULL, "updatedBySource" "workspace_7iooll9grehedgzkksftdt98n"."attachment_updatedBySource_enum" NOT NULL DEFAULT 'MANUAL'::"workspace_7iooll9grehedgzkksftdt98n"."attachment_updatedBySource_enum", "updatedByWorkspaceMemberId" uuid DEFAULT NULL, "updatedByName" text NOT NULL DEFAULT 'System'::text, "updatedByContext" jsonb DEFAULT NULL)`[39m,
      parameters: [90mundefined[39m,
      driverError: error: function public.uuid_generate_v4() does not exist
          at /app/node_modules/[4mpg[24m/lib/client.js:526:17
      [90m    at process.processTicksAndRejections (node:internal/process/task_queues:103:5)[39m
          at async PostgresQueryRunner.query (/app/node_modules/[4mtypeorm[24m/driver/postgres/PostgresQueryRunner.js:184:25)
          at async WorkspaceSchemaTableManagerService.createTable [90m(/app/packages/twenty-server/[39mdist/engine/twenty-orm/workspace-schema-manager/services/workspace-schema-table-manager.service.js:20:9[90m)[39m
          at async CreateObjectActionHandlerService.executeForWorkspaceSchema [90m(/app/packages/twenty-server/[39mdist/engine/workspace-manager/workspace-migration/workspace-migration-runner/action-handlers/object/services/create-object-action-handler.service.js:114:9[90m)[39m
          at async CreateObjectActionHandlerService.asyncMethodPerformanceMetricWrapper [90m(/app/packages/twenty-server/[39mdist/engine/workspace-manager/workspace-migration/workspace-migration-runner/interfaces/workspace-migration-runner-action-handler-service.interface.js:209:9[90m)[39m
          at async Promise.allSettled (index 1)
          at async CreateObjectActionHandlerService.execute [90m(/app/packages/twenty-server/[39mdist/engine/workspace-manager/workspace-migration/workspace-migration-runner/interfaces/workspace-migration-runner-action-handler-service.interface.js:155:57[90m)[39m
          at async WorkspaceMigrationRunnerActionHandlerRegistryService.executeActionHandler [90m(/app/packages/twenty-server/[39mdist/engine/workspace-manager/workspace-migration/workspace-migration-runner/registry/workspace-migration-runner-action-handler-registry.service.js:58:16[90m)[39m
          at async WorkspaceMigrationRunnerService.run [90m(/app/packages/twenty-server/[39mdist/engine/workspace-manager/workspace-migration/workspace-migration-runner/services/workspace-migration-runner.service.js:137:72[90m)[39m {
        length: [33m219[39m,
        severity: [32m'ERROR'[39m,
        code: [32m'42883'[39m,
        detail: [90mundefined[39m,
        hint: [32m'No function matches the given name and argument types. You might need to add explicit type casts.'[39m,
        position: [32m'119'[39m,
        internalPosition: [90mundefined[39m,
        internalQuery: [90mundefined[39m,
        where: [90mundefined[39m,
        schema: [90mundefined[39m,
        table: [90mundefined[39m,
        column: [90mundefined[39m,
        dataType: [90mundefined[39m,
        constraint: [90mundefined[39m,
        file: [32m'parse_func.c'[39m,
        line: [32m'629'[39m,
        routine: [32m'ParseFuncOrColumn'[39m
      },
      length: [33m219[39m,
      severity: [32m'ERROR'[39m,
      code: [32m'42883'[39m,
      detail: [90mundefined[39m,
      hint: [32m'No function matches the given name and argument types. You might need to add explicit type casts.'[39m,
      position: [32m'119'[39m,
      internalPosition: [90mundefined[39m,
      internalQuery: [90mundefined[39m,
      where: [90mundefined[39m,
      schema: [90mundefined[39m,
      table: [90mundefined[39m,
      column: [90mundefined[39m,
      dataType: [90mundefined[39m,
      constraint: [90mundefined[39m,
      file: [32m'parse_func.c'[39m,
      line: [32m'629'[39m,
      routine: [32m'ParseFuncOrColumn'[39m
    }
  },
  userFriendlyMessage: {
    id: [32m'oqzqZq'[39m,
    message: [32m'Migration execution failed.'[39m
  }
}
  [
    WorkspaceMigrationRunnerException [Error]: Migration action 'create' for 'objectMetadata' failed
        at CreateObjectActionHandlerService.execute (/app/packages/twenty-server/dist/engine/workspace-manager/workspace-migration/workspace-migration-runner/interfaces/workspace-migration-runner-action-handler-service.interface.js:174:19)
        at process.processTicksAndRejections (node:internal/process/task_queues:103:5)
        at async WorkspaceMigrationRunnerActionHandlerRegistryService.executeActionHandler (/app/packages/twenty-server/dist/engine/workspace-manager/workspace-migration/workspace-migration-runner/registry/workspace-migration-runner-action-handler-registry.service.js:58:16)
        at async WorkspaceMigrationRunnerService.run (/app/packages/twenty-server/dist/engine/workspace-manager/workspace-migration/workspace-migration-runner/services/workspace-migration-runner.service.js:137:72)
        at async WorkspaceMigrationValidateBuildAndRunService.validateBuildAndRunWorkspaceMigrationFromTo (/app/packages/twenty-server/dist/engine/workspace-manager/workspace-migration/services/workspace-migration-validate-build-and-run-service.js:134:40)
        at async TwentyStandardApplicationService.synchronizeTwentyStandardApplicationOrThrow (/app/packages/twenty-server/dist/engine/workspace-manager/twenty-standard-application/services/twenty-standard-application.service.js:80:40)
        at async WorkspaceManagerService.init (/app/packages/twenty-server/dist/engine/workspace-manager/workspace-manager.service.js:50:9)
        at async WorkspaceService.activateWorkspace (/app/packages/twenty-server/dist/engine/core-modules/workspace/services/workspace.service.js:160:9)
        at async WorkspaceResolver.activateWorkspace (/app/packages/twenty-server/dist/engine/core-modules/workspace/workspace.resolver.js:99:16) {
      code: 'EXECUTION_FAILED',
      action: {
        type: 'create',
        metadataName: 'objectMetadata',
        universalFlatFieldMetadatas: [Array],
        flatEntity: [Object],
        id: '10b3e48b-b5f9-4be0-93f3-6da2b2106ce5',
        fieldIdByUniversalIdentifier: [Object]
      },
      errors: {
        metadata: [QueryFailedError],
        workspaceSchema: [QueryFailedError]
      },
      userFriendlyMessage: { id: 'oqzqZq', message: 'Migration execution failed.' },
      extensions: {}
    }
  ]
